<?xml version="1.0" encoding="UTF-8"?>
<testng-results ignored="0" total="5" passed="4" failed="1" skipped="0">
  <reporter-output>
  </reporter-output>
  <suite started-at="2024-05-17T20:24:11 IST" name="OrangeHRM Test Suite" finished-at="2024-05-17T20:25:24 IST" duration-ms="73219">
    <groups>
    </groups>
    <test started-at="2024-05-17T20:24:11 IST" name="Admin Login Test with valid data" finished-at="2024-05-17T20:24:34 IST" duration-ms="23086">
      <class name="oragehrm.testcases.AdminLoginTestwithValidCredentials">
        <test-method signature="checkAdminLogin(java.lang.String,java.lang.String)[pri:0, instance:oragehrm.testcases.AdminLoginTestwithValidCredentials@71a8adcf]" started-at="2024-05-17T20:24:11 IST" name="checkAdminLogin" finished-at="2024-05-17T20:24:34 IST" duration-ms="23000" status="FAIL">
          <params>
            <param index="0">
              <value>
                <![CDATA[Admin]]>
              </value>
            </param>
            <param index="1">
              <value>
                <![CDATA[Qedge123!@#]]>
              </value>
            </param>
          </params>
          <exception class="org.openqa.selenium.NoSuchElementException">
            <message>
              <![CDATA[Unable to locate element: Logout
For documentation on this error, please visit: https://www.seleniumhq.org/exceptions/no_such_element.html
Build info: version: '3.141.59', revision: 'e82be7d358', time: '2018-11-14T08:17:03'
System info: host: 'DESKTOP-0RQF8FK', ip: '192.168.1.5', os.name: 'Windows 10', os.arch: 'amd64', os.version: '10.0', java.version: '17.0.8'
Driver info: org.openqa.selenium.firefox.FirefoxDriver
Capabilities {acceptInsecureCerts: true, browserName: firefox, browserVersion: 103.0, javascriptEnabled: true, moz:accessibilityChecks: false, moz:buildID: 20220718155818, moz:geckodriverVersion: 0.33.0, moz:headless: false, moz:platformVersion: 10.0, moz:processID: 2148, moz:profile: C:\Users\MAXHUB\AppData\Loc..., moz:shutdownTimeout: 60000, moz:useNonSpecCompliantPointerOrigin: false, moz:webdriverClick: true, moz:windowless: false, pageLoadStrategy: normal, platform: WINDOWS, platformName: WINDOWS, proxy: Proxy(), setWindowRect: true, strictFileInteractability: false, timeouts: {implicit: 0, pageLoad: 300000, script: 30000}, unhandledPromptBehavior: dismiss and notify}
Session ID: e921dd4f-763a-4a22-a8c2-0b946742b376
*** Element info: {Using=link text, value=Logout}]]>
            </message>
            <full-stacktrace>
              <![CDATA[org.openqa.selenium.NoSuchElementException: Unable to locate element: Logout
For documentation on this error, please visit: https://www.seleniumhq.org/exceptions/no_such_element.html
Build info: version: '3.141.59', revision: 'e82be7d358', time: '2018-11-14T08:17:03'
System info: host: 'DESKTOP-0RQF8FK', ip: '192.168.1.5', os.name: 'Windows 10', os.arch: 'amd64', os.version: '10.0', java.version: '17.0.8'
Driver info: org.openqa.selenium.firefox.FirefoxDriver
Capabilities {acceptInsecureCerts: true, browserName: firefox, browserVersion: 103.0, javascriptEnabled: true, moz:accessibilityChecks: false, moz:buildID: 20220718155818, moz:geckodriverVersion: 0.33.0, moz:headless: false, moz:platformVersion: 10.0, moz:processID: 2148, moz:profile: C:\Users\MAXHUB\AppData\Loc..., moz:shutdownTimeout: 60000, moz:useNonSpecCompliantPointerOrigin: false, moz:webdriverClick: true, moz:windowless: false, pageLoadStrategy: normal, platform: WINDOWS, platformName: WINDOWS, proxy: Proxy(), setWindowRect: true, strictFileInteractability: false, timeouts: {implicit: 0, pageLoad: 300000, script: 30000}, unhandledPromptBehavior: dismiss and notify}
Session ID: e921dd4f-763a-4a22-a8c2-0b946742b376
*** Element info: {Using=link text, value=Logout}
at java.base/jdk.internal.reflect.NativeConstructorAccessorImpl.newInstance0(Native Method)
at java.base/jdk.internal.reflect.NativeConstructorAccessorImpl.newInstance(NativeConstructorAccessorImpl.java:77)
at java.base/jdk.internal.reflect.DelegatingConstructorAccessorImpl.newInstance(DelegatingConstructorAccessorImpl.java:45)
at java.base/java.lang.reflect.Constructor.newInstanceWithCaller(Constructor.java:499)
at java.base/java.lang.reflect.Constructor.newInstance(Constructor.java:480)
at org.openqa.selenium.remote.http.W3CHttpResponseCodec.createException(W3CHttpResponseCodec.java:187)
at org.openqa.selenium.remote.http.W3CHttpResponseCodec.decode(W3CHttpResponseCodec.java:122)
at org.openqa.selenium.remote.http.W3CHttpResponseCodec.decode(W3CHttpResponseCodec.java:49)
at org.openqa.selenium.remote.HttpCommandExecutor.execute(HttpCommandExecutor.java:158)
at org.openqa.selenium.remote.service.DriverCommandExecutor.execute(DriverCommandExecutor.java:83)
at org.openqa.selenium.remote.RemoteWebDriver.execute(RemoteWebDriver.java:552)
at org.openqa.selenium.remote.RemoteWebDriver.findElement(RemoteWebDriver.java:323)
at org.openqa.selenium.remote.RemoteWebDriver.findElementByLinkText(RemoteWebDriver.java:380)
at org.openqa.selenium.By$ByLinkText.findElement(By.java:220)
at org.openqa.selenium.remote.RemoteWebDriver.findElement(RemoteWebDriver.java:315)
at orangehrm.library.LoginPage.logout(LoginPage.java:33)
at oragehrm.testcases.AdminLoginTestwithValidCredentials.checkAdminLogin(AdminLoginTestwithValidCredentials.java:21)
at java.base/jdk.internal.reflect.NativeMethodAccessorImpl.invoke0(Native Method)
at java.base/jdk.internal.reflect.NativeMethodAccessorImpl.invoke(NativeMethodAccessorImpl.java:77)
at java.base/jdk.internal.reflect.DelegatingMethodAccessorImpl.invoke(DelegatingMethodAccessorImpl.java:43)
at java.base/java.lang.reflect.Method.invoke(Method.java:568)
at org.testng.internal.invokers.MethodInvocationHelper.invokeMethod(MethodInvocationHelper.java:139)
at org.testng.internal.invokers.TestInvoker.invokeMethod(TestInvoker.java:664)
at org.testng.internal.invokers.TestInvoker.invokeTestMethod(TestInvoker.java:227)
at org.testng.internal.invokers.MethodRunner.runInSequence(MethodRunner.java:50)
at org.testng.internal.invokers.TestInvoker$MethodInvocationAgent.invoke(TestInvoker.java:957)
at org.testng.internal.invokers.TestInvoker.invokeTestMethods(TestInvoker.java:200)
at org.testng.internal.invokers.TestMethodWorker.invokeTestMethods(TestMethodWorker.java:148)
at org.testng.internal.invokers.TestMethodWorker.run(TestMethodWorker.java:128)
at java.base/java.util.ArrayList.forEach(ArrayList.java:1511)
at org.testng.TestRunner.privateRun(TestRunner.java:848)
at org.testng.TestRunner.run(TestRunner.java:621)
at org.testng.SuiteRunner.runTest(SuiteRunner.java:443)
at org.testng.SuiteRunner.runSequentially(SuiteRunner.java:437)
at org.testng.SuiteRunner.privateRun(SuiteRunner.java:397)
at org.testng.SuiteRunner.run(SuiteRunner.java:336)
at org.testng.SuiteRunnerWorker.runSuite(SuiteRunnerWorker.java:52)
at org.testng.SuiteRunnerWorker.run(SuiteRunnerWorker.java:95)
at org.testng.TestNG.runSuitesSequentially(TestNG.java:1280)
at org.testng.TestNG.runSuitesLocally(TestNG.java:1200)
at org.testng.TestNG.runSuites(TestNG.java:1114)
at org.testng.TestNG.run(TestNG.java:1082)
at org.testng.remote.AbstractRemoteTestNG.run(AbstractRemoteTestNG.java:115)
at org.testng.remote.RemoteTestNG.initAndRun(RemoteTestNG.java:251)
at org.testng.remote.RemoteTestNG.main(RemoteTestNG.java:77)
]]>
            </full-stacktrace>
          </exception> <!-- org.openqa.selenium.NoSuchElementException -->
          <reporter-output>
          </reporter-output>
        </test-method> <!-- checkAdminLogin -->
      </class> <!-- oragehrm.testcases.AdminLoginTestwithValidCredentials -->
    </test> <!-- Admin Login Test with valid data -->
    <test started-at="2024-05-17T20:24:34 IST" name="Admin Login Test with invalid data" finished-at="2024-05-17T20:24:42 IST" duration-ms="8189">
      <class name="oragehrm.testcases.AdminLoginTestwithInvalidCredentials">
        <test-method signature="checkAdminLogin(java.lang.String,java.lang.String)[pri:0, instance:oragehrm.testcases.AdminLoginTestwithInvalidCredentials@5677323c]" started-at="2024-05-17T20:24:34 IST" name="checkAdminLogin" finished-at="2024-05-17T20:24:42 IST" duration-ms="8184" status="PASS">
          <params>
            <param index="0">
              <value>
                <![CDATA[abc]]>
              </value>
            </param>
            <param index="1">
              <value>
                <![CDATA[xyz]]>
              </value>
            </param>
          </params>
          <reporter-output>
          </reporter-output>
        </test-method> <!-- checkAdminLogin -->
      </class> <!-- oragehrm.testcases.AdminLoginTestwithInvalidCredentials -->
    </test> <!-- Admin Login Test with invalid data -->
    <test started-at="2024-05-17T20:24:42 IST" name="New Employee Registration Test" finished-at="2024-05-17T20:24:49 IST" duration-ms="6829">
      <class name="oragehrm.testcases.EmployeeRegTest">
        <test-method is-config="true" signature="adminLogin()[pri:0, instance:oragehrm.testcases.EmployeeRegTest@f09733f]" started-at="2024-05-17T20:24:42 IST" name="adminLogin" finished-at="2024-05-17T20:24:44 IST" duration-ms="1127" status="PASS">
          <reporter-output>
          </reporter-output>
        </test-method> <!-- adminLogin -->
        <test-method signature="checkEmpReg(java.lang.String,java.lang.String)[pri:0, instance:oragehrm.testcases.EmployeeRegTest@f09733f]" started-at="2024-05-17T20:24:44 IST" name="checkEmpReg" finished-at="2024-05-17T20:24:48 IST" duration-ms="4857" status="PASS">
          <params>
            <param index="0">
              <value>
                <![CDATA[Leshant]]>
              </value>
            </param>
            <param index="1">
              <value>
                <![CDATA[Demo]]>
              </value>
            </param>
          </params>
          <reporter-output>
          </reporter-output>
        </test-method> <!-- checkEmpReg -->
        <test-method is-config="true" signature="adminLogout()[pri:0, instance:oragehrm.testcases.EmployeeRegTest@f09733f]" started-at="2024-05-17T20:24:48 IST" name="adminLogout" finished-at="2024-05-17T20:24:49 IST" duration-ms="836" status="PASS">
          <reporter-output>
          </reporter-output>
        </test-method> <!-- adminLogout -->
      </class> <!-- oragehrm.testcases.EmployeeRegTest -->
    </test> <!-- New Employee Registration Test -->
    <test started-at="2024-05-17T20:24:49 IST" name="New User Registration Test" finished-at="2024-05-17T20:24:58 IST" duration-ms="8728">
      <class name="oragehrm.testcases.UserRegTest">
        <test-method is-config="true" signature="adminLogin()[pri:0, instance:oragehrm.testcases.UserRegTest@1ffaf86]" started-at="2024-05-17T20:24:49 IST" name="adminLogin" finished-at="2024-05-17T20:24:51 IST" duration-ms="1286" status="PASS">
          <reporter-output>
          </reporter-output>
        </test-method> <!-- adminLogin -->
        <test-method signature="checkUserReg(java.lang.String,java.lang.String,java.lang.String,java.lang.String)[pri:0, instance:oragehrm.testcases.UserRegTest@1ffaf86]" started-at="2024-05-17T20:24:51 IST" name="checkUserReg" finished-at="2024-05-17T20:24:57 IST" duration-ms="6792" status="PASS">
          <params>
            <param index="0">
              <value>
                <![CDATA[ESS]]>
              </value>
            </param>
            <param index="1">
              <value>
                <![CDATA[Leshant Demo]]>
              </value>
            </param>
            <param index="2">
              <value>
                <![CDATA[Leshant123]]>
              </value>
            </param>
            <param index="3">
              <value>
                <![CDATA[Qedge123!@#]]>
              </value>
            </param>
          </params>
          <reporter-output>
          </reporter-output>
        </test-method> <!-- checkUserReg -->
        <test-method is-config="true" signature="adminLogout()[pri:0, instance:oragehrm.testcases.UserRegTest@1ffaf86]" started-at="2024-05-17T20:24:57 IST" name="adminLogout" finished-at="2024-05-17T20:24:58 IST" duration-ms="644" status="PASS">
          <reporter-output>
          </reporter-output>
        </test-method> <!-- adminLogout -->
      </class> <!-- oragehrm.testcases.UserRegTest -->
    </test> <!-- New User Registration Test -->
    <test started-at="2024-05-17T20:24:58 IST" name="Employee Login Test" finished-at="2024-05-17T20:25:24 IST" duration-ms="26265">
      <class name="oragehrm.testcases.EmpLoginTest">
        <test-method is-config="true" signature="launchApp()[pri:0, instance:oragehrm.testcases.EmpLoginTest@1e6a3214]" started-at="2024-05-17T20:24:02 IST" name="launchApp" finished-at="2024-05-17T20:24:11 IST" duration-ms="9301" status="PASS">
          <reporter-output>
          </reporter-output>
        </test-method> <!-- launchApp -->
        <test-method signature="checkEmpLogin(java.lang.String,java.lang.String)[pri:0, instance:oragehrm.testcases.EmpLoginTest@1e6a3214]" started-at="2024-05-17T20:24:58 IST" name="checkEmpLogin" finished-at="2024-05-17T20:25:24 IST" duration-ms="26262" status="PASS">
          <params>
            <param index="0">
              <value>
                <![CDATA[Leshant123]]>
              </value>
            </param>
            <param index="1">
              <value>
                <![CDATA[Qedge123!@#]]>
              </value>
            </param>
          </params>
          <reporter-output>
          </reporter-output>
        </test-method> <!-- checkEmpLogin -->
        <test-method is-config="true" signature="closeApp()[pri:0, instance:oragehrm.testcases.EmpLoginTest@1e6a3214]" started-at="2024-05-17T20:25:24 IST" name="closeApp" finished-at="2024-05-17T20:25:26 IST" duration-ms="1493" status="PASS">
          <reporter-output>
          </reporter-output>
        </test-method> <!-- closeApp -->
      </class> <!-- oragehrm.testcases.EmpLoginTest -->
    </test> <!-- Employee Login Test -->
  </suite> <!-- OrangeHRM Test Suite -->
</testng-results>
