<?xml version="1.0" encoding="UTF-8"?>
<testng-results ignored="0" total="5" passed="5" failed="0" skipped="0">
  <reporter-output>
  </reporter-output>
  <suite started-at="2024-07-24T22:28:18 IST" name="OrangeHRM Test Suite" finished-at="2024-07-24T22:28:59 IST" duration-ms="40726">
    <groups>
    </groups>
    <test started-at="2024-07-24T22:28:18 IST" name="Admin Login Test with valid data" finished-at="2024-07-24T22:28:21 IST" duration-ms="2836">
      <class name="oragehrm.testcases.AdminLoginTestwithValidCredentials">
        <test-method signature="checkAdminLogin(java.lang.String,java.lang.String)[pri:0, instance:oragehrm.testcases.AdminLoginTestwithValidCredentials@59505b48]" started-at="2024-07-24T22:28:18 IST" name="checkAdminLogin" finished-at="2024-07-24T22:28:21 IST" duration-ms="2735" status="PASS">
          <params>
            <param index="0">
              <value>
                <![CDATA[Admin]]>
              </value>
            </param>
            <param index="1">
              <value>
                <![CDATA[Qedge123!@#]]>
              </value>
            </param>
          </params>
          <reporter-output>
          </reporter-output>
        </test-method> <!-- checkAdminLogin -->
      </class> <!-- oragehrm.testcases.AdminLoginTestwithValidCredentials -->
    </test> <!-- Admin Login Test with valid data -->
    <test started-at="2024-07-24T22:28:21 IST" name="Admin Login Test with invalid data" finished-at="2024-07-24T22:28:22 IST" duration-ms="776">
      <class name="oragehrm.testcases.AdminLoginTestwithInvalidCredentials">
        <test-method signature="checkAdminLogin(java.lang.String,java.lang.String)[pri:0, instance:oragehrm.testcases.AdminLoginTestwithInvalidCredentials@1a6d8329]" started-at="2024-07-24T22:28:21 IST" name="checkAdminLogin" finished-at="2024-07-24T22:28:22 IST" duration-ms="770" status="PASS">
          <params>
            <param index="0">
              <value>
                <![CDATA[abc]]>
              </value>
            </param>
            <param index="1">
              <value>
                <![CDATA[xyz]]>
              </value>
            </param>
          </params>
          <reporter-output>
          </reporter-output>
        </test-method> <!-- checkAdminLogin -->
      </class> <!-- oragehrm.testcases.AdminLoginTestwithInvalidCredentials -->
    </test> <!-- Admin Login Test with invalid data -->
    <test started-at="2024-07-24T22:28:22 IST" name="New Employee Registration Test" finished-at="2024-07-24T22:28:28 IST" duration-ms="5753">
      <class name="oragehrm.testcases.EmployeeRegTest">
        <test-method is-config="true" signature="adminLogin()[pri:0, instance:oragehrm.testcases.EmployeeRegTest@5ab956d7]" started-at="2024-07-24T22:28:22 IST" name="adminLogin" finished-at="2024-07-24T22:28:23 IST" duration-ms="1156" status="PASS">
          <reporter-output>
          </reporter-output>
        </test-method> <!-- adminLogin -->
        <test-method signature="checkEmpReg(java.lang.String,java.lang.String)[pri:0, instance:oragehrm.testcases.EmployeeRegTest@5ab956d7]" started-at="2024-07-24T22:28:23 IST" name="checkEmpReg" finished-at="2024-07-24T22:28:27 IST" duration-ms="3818" status="PASS">
          <params>
            <param index="0">
              <value>
                <![CDATA[Raju]]>
              </value>
            </param>
            <param index="1">
              <value>
                <![CDATA[DemoX]]>
              </value>
            </param>
          </params>
          <reporter-output>
          </reporter-output>
        </test-method> <!-- checkEmpReg -->
        <test-method is-config="true" signature="adminLogout()[pri:0, instance:oragehrm.testcases.EmployeeRegTest@5ab956d7]" started-at="2024-07-24T22:28:27 IST" name="adminLogout" finished-at="2024-07-24T22:28:28 IST" duration-ms="772" status="PASS">
          <reporter-output>
          </reporter-output>
        </test-method> <!-- adminLogout -->
      </class> <!-- oragehrm.testcases.EmployeeRegTest -->
    </test> <!-- New Employee Registration Test -->
    <test started-at="2024-07-24T22:28:28 IST" name="New User Registration Test" finished-at="2024-07-24T22:28:37 IST" duration-ms="9076">
      <class name="oragehrm.testcases.UserRegTest">
        <test-method is-config="true" signature="adminLogin()[pri:0, instance:oragehrm.testcases.UserRegTest@2a7f1f10]" started-at="2024-07-24T22:28:28 IST" name="adminLogin" finished-at="2024-07-24T22:28:29 IST" duration-ms="1334" status="PASS">
          <reporter-output>
          </reporter-output>
        </test-method> <!-- adminLogin -->
        <test-method signature="checkUserReg(java.lang.String,java.lang.String,java.lang.String,java.lang.String)[pri:0, instance:oragehrm.testcases.UserRegTest@2a7f1f10]" started-at="2024-07-24T22:28:29 IST" name="checkUserReg" finished-at="2024-07-24T22:28:36 IST" duration-ms="6891" status="PASS">
          <params>
            <param index="0">
              <value>
                <![CDATA[ESS]]>
              </value>
            </param>
            <param index="1">
              <value>
                <![CDATA[Raju DemoX]]>
              </value>
            </param>
            <param index="2">
              <value>
                <![CDATA[RajuD123456]]>
              </value>
            </param>
            <param index="3">
              <value>
                <![CDATA[Qedge123!@#]]>
              </value>
            </param>
          </params>
          <reporter-output>
          </reporter-output>
        </test-method> <!-- checkUserReg -->
        <test-method is-config="true" signature="adminLogout()[pri:0, instance:oragehrm.testcases.UserRegTest@2a7f1f10]" started-at="2024-07-24T22:28:36 IST" name="adminLogout" finished-at="2024-07-24T22:28:37 IST" duration-ms="840" status="PASS">
          <reporter-output>
          </reporter-output>
        </test-method> <!-- adminLogout -->
      </class> <!-- oragehrm.testcases.UserRegTest -->
    </test> <!-- New User Registration Test -->
    <test started-at="2024-07-24T22:28:37 IST" name="Employee Login Test" finished-at="2024-07-24T22:28:59 IST" duration-ms="22136">
      <class name="oragehrm.testcases.EmpLoginTest">
        <test-method is-config="true" signature="launchApp()[pri:0, instance:oragehrm.testcases.EmpLoginTest@644baf4a]" started-at="2024-07-24T22:28:11 IST" name="launchApp" finished-at="2024-07-24T22:28:18 IST" duration-ms="6979" status="PASS">
          <reporter-output>
          </reporter-output>
        </test-method> <!-- launchApp -->
        <test-method signature="checkEmpLogin(java.lang.String,java.lang.String)[pri:0, instance:oragehrm.testcases.EmpLoginTest@644baf4a]" started-at="2024-07-24T22:28:37 IST" name="checkEmpLogin" finished-at="2024-07-24T22:28:59 IST" duration-ms="22128" status="PASS">
          <params>
            <param index="0">
              <value>
                <![CDATA[RajuD123456]]>
              </value>
            </param>
            <param index="1">
              <value>
                <![CDATA[Qedge123!@#]]>
              </value>
            </param>
          </params>
          <reporter-output>
          </reporter-output>
        </test-method> <!-- checkEmpLogin -->
        <test-method is-config="true" signature="closeApp()[pri:0, instance:oragehrm.testcases.EmpLoginTest@644baf4a]" started-at="2024-07-24T22:28:59 IST" name="closeApp" finished-at="2024-07-24T22:28:59 IST" duration-ms="209" status="PASS">
          <reporter-output>
          </reporter-output>
        </test-method> <!-- closeApp -->
      </class> <!-- oragehrm.testcases.EmpLoginTest -->
    </test> <!-- Employee Login Test -->
  </suite> <!-- OrangeHRM Test Suite -->
</testng-results>
